#
# There is insufficient memory for the Java Runtime Environment to continue.
# Native memory allocation (malloc) failed to allocate 758096 bytes for Chunk::new
# Possible reasons:
#   The system is out of physical RAM or swap space
#   The process is running with CompressedOops enabled, and the Java Heap may be blocking the growth of the native heap
# Possible solutions:
#   Reduce memory load on the system
#   Increase physical memory or swap space
#   Check if swap backing store is full
#   Decrease Java heap size (-Xmx/-Xms)
#   Decrease number of Java threads
#   Decrease Java thread stack sizes (-Xss)
#   Set larger code cache with -XX:ReservedCodeCacheSize=
#   JVM is running with Unscaled Compressed Oops mode in which the Java heap is
#     placed in the first 4GB address space. The Java Heap base address is the
#     maximum limit for the native heap growth. Please use -XX:HeapBaseMinAddress
#     to set the Java Heap base and to place the Java Heap above 4GB virtual address.
# This output file may be truncated or incomplete.
#
#  Out of Memory Error (t:/workspace/open/src/hotspot/share/memory/arena.cpp:198), pid=48156, tid=58608
#
# JRE version: Java(TM) SE Runtime Environment (10.0.2+13) (build 10.0.2+13)
# Java VM: Java HotSpot(TM) 64-Bit Server VM (10.0.2+13, mixed mode, tiered, compressed oops, g1 gc, windows-amd64)
# No core dump will be written. Minidumps are not enabled by default on client versions of Windows
#

---------------  S U M M A R Y ------------

Command Line: -Dfile.encoding=Cp1252 GUI.Main

Host: Intel(R) Core(TM) i5-4460  CPU @ 3.20GHz, 4 cores, 7G,  Windows 10 , 64 bit Build 17134 (10.0.17134.648)
Time: Sat Mar 23 16:51:43 2019 Jerusalem Standard Time elapsed time: 31 seconds (0d 0h 0m 31s)

---------------  T H R E A D  ---------------

Current thread (0x000001454038e800):  JavaThread "C2 CompilerThread1" daemon [_thread_in_native, id=58608, stack(0x0000000da5100000,0x0000000da5200000)]


Current CompileTask:
C2:  31941 4930  s!   4       com.sun.scenario.effect.impl.ImagePool::checkOut (447 bytes)

Stack: [0x0000000da5100000,0x0000000da5200000]
Native frames: (J=compiled Java code, j=interpreted, Vv=VM code, C=native code)
V  [jvm.dll+0x5a01a9]
V  [jvm.dll+0x6bcf31]
V  [jvm.dll+0x6be126]
V  [jvm.dll+0x6be7b3]
V  [jvm.dll+0x234978]
V  [jvm.dll+0xbb69c]
V  [jvm.dll+0xbbbac]
V  [jvm.dll+0x34bee1]
V  [jvm.dll+0x3110aa]
V  [jvm.dll+0x31063a]
V  [jvm.dll+0x1ffe91]
V  [jvm.dll+0x1ff116]
V  [jvm.dll+0x17c94b]
V  [jvm.dll+0x20c8dd]
V  [jvm.dll+0x20b6a6]
V  [jvm.dll+0x68b7ff]
V  [jvm.dll+0x59f4b0]
C  [msvcr120.dll+0x24f7f]
C  [msvcr120.dll+0x25126]
C  [KERNEL32.DLL+0x13dc4]
C  [ntdll.dll+0x73691]


---------------  P R O C E S S  ---------------

Threads class SMR info:
_java_thread_list=0x0000014540d64a40, length=25, elements={
0x0000014522b40000, 0x0000014540359800, 0x0000014540363800, 0x0000014540377000,
0x0000014540378000, 0x000001454037a800, 0x000001454038e800, 0x000001454038f800,
0x0000014540cb8800, 0x0000014540e5e800, 0x0000014540e64000, 0x00000145411cb000,
0x000001454202b000, 0x000001454202d800, 0x0000014542574800, 0x0000014542619800,
0x00000145426aa800, 0x00000145426a7800, 0x000001454260f000, 0x000001454280f000,
0x0000014542816000, 0x0000014542811800, 0x0000014542815800, 0x0000014542812000,
0x0000014542813000
}

Java Threads: ( => current thread )
  0x0000014522b40000 JavaThread "main" [_thread_blocked, id=42992, stack(0x0000000da3f00000,0x0000000da4000000)]
  0x0000014540359800 JavaThread "Reference Handler" daemon [_thread_blocked, id=48804, stack(0x0000000da4c00000,0x0000000da4d00000)]
  0x0000014540363800 JavaThread "Finalizer" daemon [_thread_blocked, id=16544, stack(0x0000000da4d00000,0x0000000da4e00000)]
  0x0000014540377000 JavaThread "Signal Dispatcher" daemon [_thread_blocked, id=33408, stack(0x0000000da4e00000,0x0000000da4f00000)]
  0x0000014540378000 JavaThread "Attach Listener" daemon [_thread_blocked, id=51680, stack(0x0000000da4f00000,0x0000000da5000000)]
  0x000001454037a800 JavaThread "C2 CompilerThread0" daemon [_thread_blocked, id=6608, stack(0x0000000da5000000,0x0000000da5100000)]
=>0x000001454038e800 JavaThread "C2 CompilerThread1" daemon [_thread_in_native, id=58608, stack(0x0000000da5100000,0x0000000da5200000)]
  0x000001454038f800 JavaThread "C1 CompilerThread2" daemon [_thread_blocked, id=46680, stack(0x0000000da5200000,0x0000000da5300000)]
  0x0000014540cb8800 JavaThread "Sweeper thread" daemon [_thread_blocked, id=54064, stack(0x0000000da5300000,0x0000000da5400000)]
  0x0000014540e5e800 JavaThread "Service Thread" daemon [_thread_blocked, id=58404, stack(0x0000000da5400000,0x0000000da5500000)]
  0x0000014540e64000 JavaThread "Common-Cleaner" daemon [_thread_blocked, id=37988, stack(0x0000000da5500000,0x0000000da5600000)]
  0x00000145411cb000 JavaThread "QuantumRenderer-0" daemon [_thread_in_native, id=54808, stack(0x0000000da5700000,0x0000000da5800000)]
  0x000001454202b000 JavaThread "InvokeLaterDispatcher" daemon [_thread_blocked, id=52764, stack(0x0000000da5900000,0x0000000da5a00000)]
  0x000001454202d800 JavaThread "JavaFX Application Thread" [_thread_blocked, id=53076, stack(0x0000000da5a00000,0x0000000da5b00000)]
  0x0000014542574800 JavaThread "Thread-1" daemon [_thread_in_native, id=59228, stack(0x0000000da5c00000,0x0000000da5d00000)]
  0x0000014542619800 JavaThread "Exec Default Executor" daemon [_thread_in_native, id=27284, stack(0x0000000da5d00000,0x0000000da5e00000)]
  0x00000145426aa800 JavaThread "UrlChecker-2" daemon [_thread_blocked, id=59616, stack(0x0000000da5e00000,0x0000000da5f00000)]
  0x00000145426a7800 JavaThread "Exec Stream Pumper" daemon [_thread_in_native, id=8472, stack(0x0000000da6000000,0x0000000da6100000)]
  0x000001454260f000 JavaThread "Exec Stream Pumper" daemon [_thread_in_native, id=58988, stack(0x0000000da6100000,0x0000000da6200000)]
  0x000001454280f000 JavaThread "OkHttp ConnectionPool" daemon [_thread_blocked, id=56316, stack(0x0000000da6300000,0x0000000da6400000)]
  0x0000014542816000 JavaThread "Okio Watchdog" daemon [_thread_blocked, id=36292, stack(0x0000000da6400000,0x0000000da6500000)]
  0x0000014542811800 JavaThread "JavaFX-Launcher" [_thread_blocked, id=7700, stack(0x0000000da6200000,0x0000000da6300000)]
  0x0000014542815800 JavaThread "Java2D Disposer" daemon [_thread_blocked, id=41924, stack(0x0000000da6500000,0x0000000da6600000)]
  0x0000014542812000 JavaThread "Prism Font Disposer" daemon [_thread_blocked, id=31664, stack(0x0000000da6800000,0x0000000da6900000)]
  0x0000014542813000 JavaThread "Cleaner-0" daemon [_thread_blocked, id=48724, stack(0x0000000da6900000,0x0000000da6a00000)]

Other Threads:
  0x000001454034f000 VMThread "VM Thread" [stack: 0x0000000da4b00000,0x0000000da4c00000] [id=54296]
  0x0000014540e65000 WatcherThread [stack: 0x0000000da5600000,0x0000000da5700000] [id=53608]
  0x0000014522b57000 GCTaskThread "GC Thread#0" [stack: 0x0000000da4000000,0x0000000da4100000] [id=44020]
  0x0000014522b5b800 GCTaskThread "GC Thread#1" [stack: 0x0000000da4100000,0x0000000da4200000] [id=50672]
  0x0000014522b5c800 GCTaskThread "GC Thread#2" [stack: 0x0000000da4200000,0x0000000da4300000] [id=55304]
  0x0000014522b5f000 GCTaskThread "GC Thread#3" [stack: 0x0000000da4300000,0x0000000da4400000] [id=54072]
  0x0000014522bd0000 ConcurrentGCThread "G1 Main Marker" [stack: 0x0000000da4400000,0x0000000da4500000] [id=54668]
  0x0000014522bda000 ConcurrentGCThread "G1 Conc#0" [stack: 0x0000000da4500000,0x0000000da4600000] [id=25828]
  0x00000145401e4800 ConcurrentGCThread "G1 Refine#0" [stack: 0x0000000da4600000,0x0000000da4700000] [id=45108]
  0x00000145401e5000 ConcurrentGCThread "G1 Refine#1" [stack: 0x0000000da4700000,0x0000000da4800000] [id=19524]
  0x00000145401e5800 ConcurrentGCThread "G1 Refine#2" [stack: 0x0000000da4800000,0x0000000da4900000] [id=20752]
  0x00000145401e8800 ConcurrentGCThread "G1 Refine#3" [stack: 0x0000000da4900000,0x0000000da4a00000] [id=54708]
  0x00000145401eb000 ConcurrentGCThread "G1 Young RemSet Sampling" [stack: 0x0000000da4a00000,0x0000000da4b00000] [id=53616]

Threads with active compile tasks:
C2 CompilerThread14930  s!   4       com.sun.scenario.effect.impl.ImagePool::checkOut (447 bytes)
C1 CompilerThread24952       3       com.sun.javafx.sg.prism.NGNode::renderOpacity (322 bytes)

VM state:not at safepoint (normal execution)

VM Mutex/Monitor currently owned by a thread: None

Heap address: 0x0000000081000000, size: 2032 MB, Compressed Oops mode: 32-bit
Narrow klass base: 0x0000000000000000, Narrow klass shift: 3
Compressed class space size: 1073741824 Address: 0x0000000100000000

Heap:
 garbage-first heap   total 131072K, used 47800K [0x0000000081000000, 0x0000000100000000)
  region size 1024K, 37 young (37888K), 3 survivors (3072K)
 Metaspace       used 33681K, capacity 34928K, committed 35456K, reserved 1079296K
  class space    used 4380K, capacity 4919K, committed 4992K, reserved 1048576K
Heap Regions: E=young(eden), S=young(survivor), O=old, HS=humongous(starts), HC=humongous(continues), CS=collection set, F=free, A=archive, TS=gc time stamp, AC=allocation context, TAMS=top-at-mark-start (previous, next)
|   0|0x0000000081000000, 0x0000000081100000, 0x0000000081100000|100%|HS|  |TS  0|AC  0|TAMS 0x0000000081100000, 0x0000000081100000|
|   1|0x0000000081100000, 0x0000000081200000, 0x0000000081200000|100%| O|  |TS  0|AC  0|TAMS 0x0000000081200000, 0x0000000081200000|
|   2|0x0000000081200000, 0x0000000081300000, 0x0000000081300000|100%| O|  |TS  0|AC  0|TAMS 0x0000000081300000, 0x0000000081300000|
|   3|0x0000000081300000, 0x0000000081400000, 0x0000000081400000|100%| O|  |TS  0|AC  0|TAMS 0x0000000081400000, 0x0000000081400000|
|   4|0x0000000081400000, 0x000000008143b000, 0x0000000081500000| 23%| O|  |TS  0|AC  0|TAMS 0x000000008143b000, 0x000000008143b000|
|   5|0x0000000081500000, 0x0000000081600000, 0x0000000081600000|100%|HS|  |TS  0|AC  0|TAMS 0x0000000081500000, 0x0000000081500000|
|   6|0x0000000081600000, 0x0000000081700000, 0x0000000081700000|100%|HS|  |TS  0|AC  0|TAMS 0x0000000081600000, 0x0000000081600000|
|   7|0x0000000081700000, 0x0000000081800000, 0x0000000081800000|100%|HC|  |TS  0|AC  0|TAMS 0x0000000081700000, 0x0000000081700000|
|   8|0x0000000081800000, 0x0000000081900000, 0x0000000081900000|100%|HS|  |TS  0|AC  0|TAMS 0x0000000081800000, 0x0000000081800000|
|   9|0x0000000081900000, 0x0000000081a00000, 0x0000000081a00000|100%|HC|  |TS  0|AC  0|TAMS 0x0000000081900000, 0x0000000081900000|
|  10|0x0000000081a00000, 0x0000000081b00000, 0x0000000081b00000|100%|HS|  |TS  0|AC  0|TAMS 0x0000000081a00000, 0x0000000081a00000|
|  11|0x0000000081b00000, 0x0000000081c00000, 0x0000000081c00000|100%|HC|  |TS  0|AC  0|TAMS 0x0000000081b00000, 0x0000000081b00000|
|  12|0x0000000081c00000, 0x0000000081c00000, 0x0000000081d00000|  0%| F|  |TS  0|AC  0|TAMS 0x0000000081c00000, 0x0000000081c00000|
|  13|0x0000000081d00000, 0x0000000081d00000, 0x0000000081e00000|  0%| F|  |TS  0|AC  0|TAMS 0x0000000081d00000, 0x0000000081d00000|
|  14|0x0000000081e00000, 0x0000000081e00000, 0x0000000081f00000|  0%| F|  |TS  0|AC  0|TAMS 0x0000000081e00000, 0x0000000081e00000|
|  15|0x0000000081f00000, 0x0000000081f00000, 0x0000000082000000|  0%| F|  |TS  0|AC  0|TAMS 0x0000000081f00000, 0x0000000081f00000|
|  16|0x0000000082000000, 0x0000000082000000, 0x0000000082100000|  0%| F|  |TS  0|AC  0|TAMS 0x0000000082000000, 0x0000000082000000|
|  17|0x0000000082100000, 0x0000000082100000, 0x0000000082200000|  0%| F|  |TS  0|AC  0|TAMS 0x0000000082100000, 0x0000000082100000|
|  18|0x0000000082200000, 0x0000000082200000, 0x0000000082300000|  0%| F|  |TS  0|AC  0|TAMS 0x0000000082200000, 0x0000000082200000|
|  19|0x0000000082300000, 0x0000000082300000, 0x0000000082400000|  0%| F|  |TS  0|AC  0|TAMS 0x0000000082300000, 0x0000000082300000|
|  20|0x0000000082400000, 0x0000000082400000, 0x0000000082500000|  0%| F|  |TS  0|AC  0|TAMS 0x0000000082400000, 0x0000000082400000|
|  21|0x0000000082500000, 0x0000000082500000, 0x0000000082600000|  0%| F|  |TS  0|AC  0|TAMS 0x0000000082500000, 0x0000000082500000|
|  22|0x0000000082600000, 0x0000000082600000, 0x0000000082700000|  0%| F|  |TS  0|AC  0|TAMS 0x0000000082600000, 0x0000000082600000|
|  23|0x0000000082700000, 0x0000000082700000, 0x0000000082800000|  0%| F|  |TS  0|AC  0|TAMS 0x0000000082700000, 0x0000000082700000|
|  24|0x0000000082800000, 0x0000000082800000, 0x0000000082900000|  0%| F|  |TS  0|AC  0|TAMS 0x0000000082800000, 0x0000000082800000|
|  25|0x0000000082900000, 0x0000000082900000, 0x0000000082a00000|  0%| F|  |TS  0|AC  0|TAMS 0x0000000082900000, 0x0000000082900000|
|  26|0x0000000082a00000, 0x0000000082a00000, 0x0000000082b00000|  0%| F|  |TS  0|AC  0|TAMS 0x0000000082a00000, 0x0000000082a00000|
|  27|0x0000000082b00000, 0x0000000082b00000, 0x0000000082c00000|  0%| F|  |TS  0|AC  0|TAMS 0x0000000082b00000, 0x0000000082b00000|
|  28|0x0000000082c00000, 0x0000000082c00000, 0x0000000082d00000|  0%| F|  |TS  0|AC  0|TAMS 0x0000000082c00000, 0x0000000082c00000|
|  29|0x0000000082d00000, 0x0000000082d00000, 0x0000000082e00000|  0%| F|  |TS  0|AC  0|TAMS 0x0000000082d00000, 0x0000000082d00000|
|  30|0x0000000082e00000, 0x0000000082e00000, 0x0000000082f00000|  0%| F|  |TS  0|AC  0|TAMS 0x0000000082e00000, 0x0000000082e00000|
|  31|0x0000000082f00000, 0x0000000082f00000, 0x0000000083000000|  0%| F|  |TS  0|AC  0|TAMS 0x0000000082f00000, 0x0000000082f00000|
|  32|0x0000000083000000, 0x0000000083000000, 0x0000000083100000|  0%| F|  |TS  0|AC  0|TAMS 0x0000000083000000, 0x0000000083000000|
|  33|0x0000000083100000, 0x0000000083100000, 0x0000000083200000|  0%| F|  |TS  0|AC  0|TAMS 0x0000000083100000, 0x0000000083100000|
|  34|0x0000000083200000, 0x0000000083200000, 0x0000000083300000|  0%| F|  |TS  0|AC  0|TAMS 0x0000000083200000, 0x0000000083200000|
|  35|0x0000000083300000, 0x0000000083300000, 0x0000000083400000|  0%| F|  |TS  0|AC  0|TAMS 0x0000000083300000, 0x0000000083300000|
|  36|0x0000000083400000, 0x0000000083400000, 0x0000000083500000|  0%| F|  |TS  0|AC  0|TAMS 0x0000000083400000, 0x0000000083400000|
|  37|0x0000000083500000, 0x0000000083500000, 0x0000000083600000|  0%| F|  |TS  0|AC  0|TAMS 0x0000000083500000, 0x0000000083500000|
|  38|0x0000000083600000, 0x0000000083600000, 0x0000000083700000|  0%| F|  |TS  0|AC  0|TAMS 0x0000000083600000, 0x0000000083600000|
|  39|0x0000000083700000, 0x0000000083700000, 0x0000000083800000|  0%| F|  |TS  0|AC  0|TAMS 0x0000000083700000, 0x0000000083700000|
|  40|0x0000000083800000, 0x0000000083800000, 0x0000000083900000|  0%| F|  |TS  0|AC  0|TAMS 0x0000000083800000, 0x0000000083800000|
|  41|0x0000000083900000, 0x0000000083900000, 0x0000000083a00000|  0%| F|  |TS  0|AC  0|TAMS 0x0000000083900000, 0x0000000083900000|
|  42|0x0000000083a00000, 0x0000000083a00000, 0x0000000083b00000|  0%| F|  |TS  0|AC  0|TAMS 0x0000000083a00000, 0x0000000083a00000|
|  43|0x0000000083b00000, 0x0000000083b00000, 0x0000000083c00000|  0%| F|  |TS  0|AC  0|TAMS 0x0000000083b00000, 0x0000000083b00000|
|  44|0x0000000083c00000, 0x0000000083c00000, 0x0000000083d00000|  0%| F|  |TS  0|AC  0|TAMS 0x0000000083c00000, 0x0000000083c00000|
|  45|0x0000000083d00000, 0x0000000083d00000, 0x0000000083e00000|  0%| F|  |TS  0|AC  0|TAMS 0x0000000083d00000, 0x0000000083d00000|
|  46|0x0000000083e00000, 0x0000000083e00000, 0x0000000083f00000|  0%| F|  |TS  0|AC  0|TAMS 0x0000000083e00000, 0x0000000083e00000|
|  47|0x0000000083f00000, 0x0000000083f00000, 0x0000000084000000|  0%| F|  |TS  0|AC  0|TAMS 0x0000000083f00000, 0x0000000083f00000|
|  48|0x0000000084000000, 0x0000000084000000, 0x0000000084100000|  0%| F|  |TS  0|AC  0|TAMS 0x0000000084000000, 0x0000000084000000|
|  49|0x0000000084100000, 0x0000000084100000, 0x0000000084200000|  0%| F|  |TS  0|AC  0|TAMS 0x0000000084100000, 0x0000000084100000|
|  50|0x0000000084200000, 0x0000000084200000, 0x0000000084300000|  0%| F|  |TS  0|AC  0|TAMS 0x0000000084200000, 0x0000000084200000|
|  51|0x0000000084300000, 0x0000000084300000, 0x0000000084400000|  0%| F|  |TS  0|AC  0|TAMS 0x0000000084300000, 0x0000000084300000|
|  52|0x0000000084400000, 0x0000000084400000, 0x0000000084500000|  0%| F|  |TS  0|AC  0|TAMS 0x0000000084400000, 0x0000000084400000|
|  53|0x0000000084500000, 0x0000000084500000, 0x0000000084600000|  0%| F|  |TS  0|AC  0|TAMS 0x0000000084500000, 0x0000000084500000|
|  54|0x0000000084600000, 0x0000000084600000, 0x0000000084700000|  0%| F|  |TS  0|AC  0|TAMS 0x0000000084600000, 0x0000000084600000|
|  55|0x0000000084700000, 0x0000000084700000, 0x0000000084800000|  0%| F|  |TS  0|AC  0|TAMS 0x0000000084700000, 0x0000000084700000|
|  56|0x0000000084800000, 0x0000000084800000, 0x0000000084900000|  0%| F|  |TS  0|AC  0|TAMS 0x0000000084800000, 0x0000000084800000|
|  57|0x0000000084900000, 0x0000000084900000, 0x0000000084a00000|  0%| F|  |TS  0|AC  0|TAMS 0x0000000084900000, 0x0000000084900000|
|  58|0x0000000084a00000, 0x0000000084a00000, 0x0000000084b00000|  0%| F|  |TS  0|AC  0|TAMS 0x0000000084a00000, 0x0000000084a00000|
|  59|0x0000000084b00000, 0x0000000084b00000, 0x0000000084c00000|  0%| F|  |TS  0|AC  0|TAMS 0x0000000084b00000, 0x0000000084b00000|
|  60|0x0000000084c00000, 0x0000000084c00000, 0x0000000084d00000|  0%| F|  |TS  0|AC  0|TAMS 0x0000000084c00000, 0x0000000084c00000|
|  61|0x0000000084d00000, 0x0000000084d00000, 0x0000000084e00000|  0%| F|  |TS  0|AC  0|TAMS 0x0000000084d00000, 0x0000000084d00000|
|  62|0x0000000084e00000, 0x0000000084e00000, 0x0000000084f00000|  0%| F|  |TS  0|AC  0|TAMS 0x0000000084e00000, 0x0000000084e00000|
|  63|0x0000000084f00000, 0x0000000084f00000, 0x0000000085000000|  0%| F|  |TS  0|AC  0|TAMS 0x0000000084f00000, 0x0000000084f00000|
|  64|0x0000000085000000, 0x0000000085000000, 0x0000000085100000|  0%| F|  |TS  0|AC  0|TAMS 0x0000000085000000, 0x0000000085000000|
|  65|0x0000000085100000, 0x0000000085100000, 0x0000000085200000|  0%| F|  |TS  0|AC  0|TAMS 0x0000000085100000, 0x0000000085100000|
|  66|0x0000000085200000, 0x0000000085200000, 0x0000000085300000|  0%| F|  |TS  0|AC  0|TAMS 0x0000000085200000, 0x0000000085200000|
|  67|0x0000000085300000, 0x0000000085300000, 0x0000000085400000|  0%| F|  |TS  0|AC  0|TAMS 0x0000000085300000, 0x0000000085300000|
|  68|0x0000000085400000, 0x0000000085400000, 0x0000000085500000|  0%| F|  |TS  0|AC  0|TAMS 0x0000000085400000, 0x0000000085400000|
|  69|0x0000000085500000, 0x0000000085500000, 0x0000000085600000|  0%| F|  |TS  0|AC  0|TAMS 0x0000000085500000, 0x0000000085500000|
|  70|0x0000000085600000, 0x0000000085600000, 0x0000000085700000|  0%| F|  |TS  0|AC  0|TAMS 0x0000000085600000, 0x0000000085600000|
|  71|0x0000000085700000, 0x0000000085700000, 0x0000000085800000|  0%| F|  |TS  0|AC  0|TAMS 0x0000000085700000, 0x0000000085700000|
|  72|0x0000000085800000, 0x0000000085800000, 0x0000000085900000|  0%| F|  |TS  0|AC  0|TAMS 0x0000000085800000, 0x0000000085800000|
|  73|0x0000000085900000, 0x0000000085900000, 0x0000000085a00000|  0%| F|  |TS  0|AC  0|TAMS 0x0000000085900000, 0x0000000085900000|
|  74|0x0000000085a00000, 0x0000000085a00000, 0x0000000085b00000|  0%| F|  |TS  0|AC  0|TAMS 0x0000000085a00000, 0x0000000085a00000|
|  75|0x0000000085b00000, 0x0000000085b00000, 0x0000000085c00000|  0%| F|  |TS  0|AC  0|TAMS 0x0000000085b00000, 0x0000000085b00000|
|  76|0x0000000085c00000, 0x0000000085c00000, 0x0000000085d00000|  0%| F|  |TS  0|AC  0|TAMS 0x0000000085c00000, 0x0000000085c00000|
|  77|0x0000000085d00000, 0x0000000085d00000, 0x0000000085e00000|  0%| F|  |TS  0|AC  0|TAMS 0x0000000085d00000, 0x0000000085d00000|
|  78|0x0000000085e00000, 0x0000000085e00000, 0x0000000085f00000|  0%| F|  |TS  0|AC  0|TAMS 0x0000000085e00000, 0x0000000085e00000|
|  79|0x0000000085f00000, 0x0000000085f00000, 0x0000000086000000|  0%| F|  |TS  0|AC  0|TAMS 0x0000000085f00000, 0x0000000085f00000|
|  80|0x0000000086000000, 0x0000000086000000, 0x0000000086100000|  0%| F|  |TS  0|AC  0|TAMS 0x0000000086000000, 0x0000000086000000|
|  81|0x0000000086100000, 0x0000000086100000, 0x0000000086200000|  0%| F|  |TS  0|AC  0|TAMS 0x0000000086100000, 0x0000000086100000|
|  82|0x0000000086200000, 0x0000000086200000, 0x0000000086300000|  0%| F|  |TS  0|AC  0|TAMS 0x0000000086200000, 0x0000000086200000|
|  83|0x0000000086300000, 0x0000000086300000, 0x0000000086400000|  0%| F|  |TS  0|AC  0|TAMS 0x0000000086300000, 0x0000000086300000|
|  84|0x0000000086400000, 0x0000000086400000, 0x0000000086500000|  0%| F|  |TS  0|AC  0|TAMS 0x0000000086400000, 0x0000000086400000|
|  85|0x0000000086500000, 0x0000000086500000, 0x0000000086600000|  0%| F|  |TS  0|AC  0|TAMS 0x0000000086500000, 0x0000000086500000|
|  86|0x0000000086600000, 0x0000000086600000, 0x0000000086700000|  0%| F|  |TS  0|AC  0|TAMS 0x0000000086600000, 0x0000000086600000|
|  87|0x0000000086700000, 0x0000000086700000, 0x0000000086800000|  0%| F|  |TS  0|AC  0|TAMS 0x0000000086700000, 0x0000000086700000|
|  88|0x0000000086800000, 0x0000000086800000, 0x0000000086900000|  0%| F|  |TS  0|AC  0|TAMS 0x0000000086800000, 0x0000000086800000|
|  89|0x0000000086900000, 0x0000000086900000, 0x0000000086a00000|  0%| F|  |TS  0|AC  0|TAMS 0x0000000086900000, 0x0000000086900000|
|  90|0x0000000086a00000, 0x0000000086a00000, 0x0000000086b00000|  0%| F|  |TS  0|AC  0|TAMS 0x0000000086a00000, 0x0000000086a00000|
|  91|0x0000000086b00000, 0x0000000086c00000, 0x0000000086c00000|100%| E|  |TS  0|AC  0|TAMS 0x0000000086b00000, 0x0000000086b00000|
|  92|0x0000000086c00000, 0x0000000086d00000, 0x0000000086d00000|100%| E|CS|TS  0|AC  0|TAMS 0x0000000086c00000, 0x0000000086c00000|
|  93|0x0000000086d00000, 0x0000000086e00000, 0x0000000086e00000|100%| E|CS|TS  0|AC  0|TAMS 0x0000000086d00000, 0x0000000086d00000|
|  94|0x0000000086e00000, 0x0000000086f00000, 0x0000000086f00000|100%| E|CS|TS  0|AC  0|TAMS 0x0000000086e00000, 0x0000000086e00000|
|  95|0x0000000086f00000, 0x0000000087000000, 0x0000000087000000|100%| E|CS|TS  0|AC  0|TAMS 0x0000000086f00000, 0x0000000086f00000|
|  96|0x0000000087000000, 0x0000000087100000, 0x0000000087100000|100%| E|CS|TS  0|AC  0|TAMS 0x0000000087000000, 0x0000000087000000|
|  97|0x0000000087100000, 0x0000000087200000, 0x0000000087200000|100%| E|CS|TS  0|AC  0|TAMS 0x0000000087100000, 0x0000000087100000|
|  98|0x0000000087200000, 0x0000000087300000, 0x0000000087300000|100%| E|CS|TS  0|AC  0|TAMS 0x0000000087200000, 0x0000000087200000|
|  99|0x0000000087300000, 0x0000000087400000, 0x0000000087400000|100%| E|CS|TS  0|AC  0|TAMS 0x0000000087300000, 0x0000000087300000|
| 100|0x0000000087400000, 0x0000000087500000, 0x0000000087500000|100%| E|CS|TS  0|AC  0|TAMS 0x0000000087400000, 0x0000000087400000|
| 101|0x0000000087500000, 0x0000000087600000, 0x0000000087600000|100%| E|CS|TS  0|AC  0|TAMS 0x0000000087500000, 0x0000000087500000|
| 102|0x0000000087600000, 0x0000000087700000, 0x0000000087700000|100%| E|CS|TS  0|AC  0|TAMS 0x0000000087600000, 0x0000000087600000|
| 103|0x0000000087700000, 0x0000000087800000, 0x0000000087800000|100%| E|CS|TS  0|AC  0|TAMS 0x0000000087700000, 0x0000000087700000|
| 104|0x0000000087800000, 0x0000000087900000, 0x0000000087900000|100%| E|CS|TS  0|AC  0|TAMS 0x0000000087800000, 0x0000000087800000|
| 105|0x0000000087900000, 0x0000000087a00000, 0x0000000087a00000|100%| E|CS|TS  0|AC  0|TAMS 0x0000000087900000, 0x0000000087900000|
| 106|0x0000000087a00000, 0x0000000087b00000, 0x0000000087b00000|100%| E|CS|TS  0|AC  0|TAMS 0x0000000087a00000, 0x0000000087a00000|
| 107|0x0000000087b00000, 0x0000000087c00000, 0x0000000087c00000|100%| E|CS|TS  0|AC  0|TAMS 0x0000000087b00000, 0x0000000087b00000|
| 108|0x0000000087c00000, 0x0000000087d00000, 0x0000000087d00000|100%| E|CS|TS  0|AC  0|TAMS 0x0000000087c00000, 0x0000000087c00000|
| 109|0x0000000087d00000, 0x0000000087e00000, 0x0000000087e00000|100%| E|CS|TS  0|AC  0|TAMS 0x0000000087d00000, 0x0000000087d00000|
| 110|0x0000000087e00000, 0x0000000087f00000, 0x0000000087f00000|100%| E|CS|TS  0|AC  0|TAMS 0x0000000087e00000, 0x0000000087e00000|
| 111|0x0000000087f00000, 0x0000000087f733f0, 0x0000000088000000| 45%| S|CS|TS  0|AC  0|TAMS 0x0000000087f00000, 0x0000000087f00000|
| 112|0x0000000088000000, 0x0000000088100000, 0x0000000088100000|100%| S|CS|TS  0|AC  0|TAMS 0x0000000088000000, 0x0000000088000000|
| 113|0x0000000088100000, 0x0000000088200000, 0x0000000088200000|100%| S|CS|TS  0|AC  0|TAMS 0x0000000088100000, 0x0000000088100000|
| 114|0x0000000088200000, 0x0000000088300000, 0x0000000088300000|100%| E|CS|TS  0|AC  0|TAMS 0x0000000088200000, 0x0000000088200000|
| 115|0x0000000088300000, 0x0000000088400000, 0x0000000088400000|100%| E|CS|TS  0|AC  0|TAMS 0x0000000088300000, 0x0000000088300000|
| 116|0x0000000088400000, 0x0000000088500000, 0x0000000088500000|100%| E|CS|TS  0|AC  0|TAMS 0x0000000088400000, 0x0000000088400000|
| 117|0x0000000088500000, 0x0000000088600000, 0x0000000088600000|100%| E|CS|TS  0|AC  0|TAMS 0x0000000088500000, 0x0000000088500000|
| 118|0x0000000088600000, 0x0000000088700000, 0x0000000088700000|100%| E|CS|TS  0|AC  0|TAMS 0x0000000088600000, 0x0000000088600000|
| 119|0x0000000088700000, 0x0000000088800000, 0x0000000088800000|100%| E|CS|TS  0|AC  0|TAMS 0x0000000088700000, 0x0000000088700000|
| 120|0x0000000088800000, 0x0000000088900000, 0x0000000088900000|100%| E|CS|TS  0|AC  0|TAMS 0x0000000088800000, 0x0000000088800000|
| 121|0x0000000088900000, 0x0000000088a00000, 0x0000000088a00000|100%| E|CS|TS  0|AC  0|TAMS 0x0000000088900000, 0x0000000088900000|
| 122|0x0000000088a00000, 0x0000000088b00000, 0x0000000088b00000|100%| E|CS|TS  0|AC  0|TAMS 0x0000000088a00000, 0x0000000088a00000|
| 123|0x0000000088b00000, 0x0000000088c00000, 0x0000000088c00000|100%| E|CS|TS  0|AC  0|TAMS 0x0000000088b00000, 0x0000000088b00000|
| 124|0x0000000088c00000, 0x0000000088d00000, 0x0000000088d00000|100%| E|CS|TS  0|AC  0|TAMS 0x0000000088c00000, 0x0000000088c00000|
| 125|0x0000000088d00000, 0x0000000088e00000, 0x0000000088e00000|100%| E|CS|TS  0|AC  0|TAMS 0x0000000088d00000, 0x0000000088d00000|
| 126|0x0000000088e00000, 0x0000000088f00000, 0x0000000088f00000|100%| E|CS|TS  0|AC  0|TAMS 0x0000000088e00000, 0x0000000088e00000|
| 127|0x0000000088f00000, 0x0000000089000000, 0x0000000089000000|100%| E|CS|TS  0|AC  0|TAMS 0x0000000088f00000, 0x0000000088f00000|

Card table byte_map: [0x00000145396f0000,0x0000014539af0000] byte_map_base: 0x00000145392e8000

Marking Bits (Prev, Next): (CMBitMap*) 0x0000014522bce338, (CMBitMap*) 0x0000014522bce300
 Prev Bits: [0x000001453beb0000, 0x000001453de70000)
 Next Bits: [0x0000014539ef0000, 0x000001453beb0000)

Polling page: 0x0000014520930000

CodeHeap 'non-profiled nmethods': size=120064Kb used=2401Kb max_used=2401Kb free=117662Kb
 bounds [0x0000014531db0000, 0x0000014532020000, 0x00000145392f0000]
CodeHeap 'profiled nmethods': size=120000Kb used=10764Kb max_used=10764Kb free=109235Kb
 bounds [0x000001452a880000, 0x000001452b310000, 0x0000014531db0000]
CodeHeap 'non-nmethods': size=5696Kb used=1393Kb max_used=1432Kb free=4302Kb
 bounds [0x000001452a2f0000, 0x000001452a560000, 0x000001452a880000]
 total_blobs=6770 nmethods=4952 adapters=761
 compilation: enabled

Compilation events (10 events):
Event: 31.918 Thread 0x000001454038f800 4943       3       com.sun.scenario.effect.CoreEffect::filterImageDatas (18 bytes)
Event: 31.918 Thread 0x000001454038f800 nmethod 4943 0x000001452b2f7710 code [0x000001452b2f78e0, 0x000001452b2f7b60]
Event: 31.918 Thread 0x000001454038f800 4944       3       com.sun.scenario.effect.CoreEffect::getPeer (45 bytes)
Event: 31.919 Thread 0x000001454038f800 nmethod 4944 0x000001452b2f7c90 code [0x000001452b2f7e80, 0x000001452b2f82e0]
Event: 31.927 Thread 0x000001454038f800 4945       3       javafx.animation.AnimationAccessorImpl::playTo (8 bytes)
Event: 31.927 Thread 0x000001454038f800 nmethod 4945 0x000001452b2f8510 code [0x000001452b2f86e0, 0x000001452b2f8910]
Event: 31.927 Thread 0x000001454038f800 4947       3       com.sun.scenario.animation.shared.TimelineClipCore::playTo (353 bytes)
Event: 31.928 Thread 0x000001454038f800 nmethod 4947 0x000001452b2f8a10 code [0x000001452b2f8ce0, 0x000001452b2f9b40]
Event: 31.928 Thread 0x000001454038f800 4946       3       javafx.animation.Timeline::doPlayTo (9 bytes)
Event: 31.928 Thread 0x000001454038f800 nmethod 4946 0x000001452b2fa090 code [0x000001452b2fa260, 0x000001452b2fa410]

GC Heap History (6 events):
Event: 2.276 GC heap before
{Heap before GC invocations=0 (full 0):
 garbage-first heap   total 131072K, used 15360K [0x0000000081000000, 0x0000000100000000)
  region size 1024K, 14 young (14336K), 0 survivors (0K)
 Metaspace       used 12014K, capacity 12250K, committed 12416K, reserved 1060864K
  class space    used 1272K, capacity 1379K, committed 1408K, reserved 1048576K
}
Event: 2.280 GC heap after
{Heap after GC invocations=1 (full 0):
 garbage-first heap   total 131072K, used 4438K [0x0000000081000000, 0x0000000100000000)
  region size 1024K, 2 young (2048K), 2 survivors (2048K)
 Metaspace       used 12014K, capacity 12250K, committed 12416K, reserved 1060864K
  class space    used 1272K, capacity 1379K, committed 1408K, reserved 1048576K
}
Event: 3.260 GC heap before
{Heap before GC invocations=1 (full 0):
 garbage-first heap   total 131072K, used 13654K [0x0000000081000000, 0x0000000100000000)
  region size 1024K, 11 young (11264K), 2 survivors (2048K)
 Metaspace       used 15639K, capacity 16069K, committed 16384K, reserved 1062912K
  class space    used 1744K, capacity 1945K, committed 2048K, reserved 1048576K
}
Event: 3.265 GC heap after
{Heap after GC invocations=2 (full 0):
 garbage-first heap   total 131072K, used 5571K [0x0000000081000000, 0x0000000100000000)
  region size 1024K, 2 young (2048K), 2 survivors (2048K)
 Metaspace       used 15639K, capacity 16069K, committed 16384K, reserved 1062912K
  class space    used 1744K, capacity 1945K, committed 2048K, reserved 1048576K
}
Event: 9.860 GC heap before
{Heap before GC invocations=2 (full 0):
 garbage-first heap   total 131072K, used 16835K [0x0000000081000000, 0x0000000100000000)
  region size 1024K, 14 young (14336K), 2 survivors (2048K)
 Metaspace       used 20342K, capacity 20921K, committed 21296K, reserved 1069056K
  class space    used 2339K, capacity 2617K, committed 2688K, reserved 1048576K
}
Event: 9.864 GC heap after
{Heap after GC invocations=3 (full 0):
 garbage-first heap   total 131072K, used 6840K [0x0000000081000000, 0x0000000100000000)
  region size 1024K, 3 young (3072K), 3 survivors (3072K)
 Metaspace       used 20342K, capacity 20921K, committed 21296K, reserved 1069056K
  class space    used 2339K, capacity 2617K, committed 2688K, reserved 1048576K
}

Deoptimization events (10 events):
Event: 28.666 Thread 0x000001454202d800 Uncommon trap: reason=null_check action=make_not_entrant pc=0x0000014531f2dfcc method=javafx.scene.Node$MiscProperties.getClip()Ljavafx/scene/Node; @ 20 c2
Event: 28.666 Thread 0x000001454202d800 Uncommon trap: reason=bimorphic_or_optimized_type_check action=maybe_recompile pc=0x0000014531f672b8 method=javafx.scene.Node.updateLocalToParentTransform()V @ 11 c2
Event: 28.666 Thread 0x000001454202d800 Uncommon trap: reason=null_check action=make_not_entrant pc=0x0000014531f987e8 method=javafx.scene.Node$MiscProperties.getClip()Ljavafx/scene/Node; @ 20 c2
Event: 28.670 Thread 0x00000145411cb000 Uncommon trap: reason=unstable_if action=reinterpret pc=0x0000014531f910ec method=com.sun.javafx.geom.transform.AffineBase.updateState2D()V @ 86 c2
Event: 28.677 Thread 0x00000145411cb000 Uncommon trap: reason=unstable_if action=reinterpret pc=0x0000014531f8ac38 method=com.sun.marlin.DRenderer._endRendering(IILcom/sun/marlin/MarlinAlphaConsumer;)V @ 1094 c2
Event: 28.677 Thread 0x00000145411cb000 Uncommon trap: reason=unstable_if action=reinterpret pc=0x0000014531f6d9c4 method=com.sun.marlin.DRenderer._endRendering(IILcom/sun/marlin/MarlinAlphaConsumer;)V @ 1929 c2
Event: 29.536 Thread 0x000001454202d800 Uncommon trap: reason=unstable_if action=reinterpret pc=0x0000014531f79864 method=java.lang.ThreadLocal$ThreadLocalMap.getEntry(Ljava/lang/ThreadLocal;)Ljava/lang/ThreadLocal$ThreadLocalMap$Entry; @ 29 c2
Event: 31.390 Thread 0x00000145411cb000 Uncommon trap: reason=unstable_if action=reinterpret pc=0x0000014531fe42a0 method=com.sun.scenario.effect.impl.ImagePool.checkOut(Lcom/sun/scenario/effect/impl/Renderer;II)Lcom/sun/scenario/effect/impl/PoolFilterable; @ 5 c2
Event: 31.441 Thread 0x000001454202d800 Uncommon trap: reason=unstable_if action=reinterpret pc=0x0000014531eb8fa8 method=java.lang.StringLatin1.trim([B)Ljava/lang/String; @ 44 c2
Event: 31.448 Thread 0x000001454202d800 Uncommon trap: reason=class_check action=maybe_recompile pc=0x0000014531f59a58 method=javafx.scene.CssStyleHelper.lookup(Ljavafx/css/Styleable;Ljavafx/css/CssMetaData;Lcom/sun/javafx/css/StyleMap;Ljava/util/Set;Ljavafx/css/Styleable;Lcom/sun/javafx/css/Ca

Classes redefined (0 events):
No events

Internal exceptions (10 events):
Event: 16.922 Thread 0x000001454202d800 Exception <a 'java/net/SocketTimeoutException'{0x00000000871e9818}: Read timed out> (0x00000000871e9818) thrown at [t:/workspace/open/src/hotspot/share/prims/jni.cpp, line 632]
Event: 26.970 Thread 0x000001454202d800 Exception <a 'java/net/SocketTimeoutException'{0x0000000087024840}: Read timed out> (0x0000000087024840) thrown at [t:/workspace/open/src/hotspot/share/prims/jni.cpp, line 632]
Event: 27.092 Thread 0x000001454202d800 Exception <a 'java/net/SocketTimeoutException'{0x0000000087042f38}: Read timed out> (0x0000000087042f38) thrown at [t:/workspace/open/src/hotspot/share/prims/jni.cpp, line 632]
Event: 27.171 Thread 0x000001454202d800 Exception <a 'java/net/SocketTimeoutException'{0x000000008705b060}: Read timed out> (0x000000008705b060) thrown at [t:/workspace/open/src/hotspot/share/prims/jni.cpp, line 632]
Event: 27.472 Thread 0x000001454202d800 Exception <a 'java/lang/ArrayIndexOutOfBoundsException'{0x000000008708a6e8}: 10> (0x000000008708a6e8) thrown at [t:/workspace/open/src/hotspot/share/interpreter/interpreterRuntime.cpp, line 372]
Event: 27.744 Thread 0x000001454202d800 Exception <a 'java/lang/ArrayIndexOutOfBoundsException'{0x00000000870a58c0}: 10> (0x00000000870a58c0) thrown at [t:/workspace/open/src/hotspot/share/interpreter/interpreterRuntime.cpp, line 372]
Event: 28.001 Thread 0x000001454202d800 Exception <a 'java/lang/ArrayIndexOutOfBoundsException'{0x00000000870c08f8}: 10> (0x00000000870c08f8) thrown at [t:/workspace/open/src/hotspot/share/interpreter/interpreterRuntime.cpp, line 372]
Event: 28.003 Thread 0x000001454202d800 Exception <a 'java/net/SocketTimeoutException'{0x00000000870ce178}: Read timed out> (0x00000000870ce178) thrown at [t:/workspace/open/src/hotspot/share/prims/jni.cpp, line 632]
Event: 28.666 Thread 0x000001454202d800 Implicit null exception at 0x0000014531f2df84 to 0x0000014531f2dfbf
Event: 28.666 Thread 0x000001454202d800 Implicit null exception at 0x0000014531f980fa to 0x0000014531f987ce

Events (10 events):
Event: 31.147 Thread 0x00000145411cb000 DEOPT UNPACKING pc=0x000001452a31884e sp=0x0000000da57fae60 mode 0
Event: 31.390 Thread 0x00000145411cb000 Uncommon trap: trap_request=0xffffff55 fr.pc=0x0000014531fe42a0 relative=0x0000000000002300
Event: 31.390 Thread 0x00000145411cb000 DEOPT PACKING pc=0x0000014531fe42a0 sp=0x0000000da57fd070
Event: 31.390 Thread 0x00000145411cb000 DEOPT UNPACKING pc=0x000001452a318a2f sp=0x0000000da57fd028 mode 2
Event: 31.441 Thread 0x000001454202d800 Uncommon trap: trap_request=0xffffff55 fr.pc=0x0000014531eb8fa8 relative=0x0000000000000088
Event: 31.441 Thread 0x000001454202d800 DEOPT PACKING pc=0x0000014531eb8fa8 sp=0x0000000da5afbe00
Event: 31.441 Thread 0x000001454202d800 DEOPT UNPACKING pc=0x000001452a318a2f sp=0x0000000da5afbd90 mode 2
Event: 31.448 Thread 0x000001454202d800 Uncommon trap: trap_request=0xffffffde fr.pc=0x0000014531f59a58 relative=0x00000000000008f8
Event: 31.448 Thread 0x000001454202d800 DEOPT PACKING pc=0x0000014531f59a58 sp=0x0000000da5afc410
Event: 31.448 Thread 0x000001454202d800 DEOPT UNPACKING pc=0x000001452a318a2f sp=0x0000000da5afc378 mode 2


Dynamic libraries:
0x00007ff6ade90000 - 0x00007ff6adece000 	C:\Program Files\Java\jre-10.0.2\bin\javaw.exe
0x00007ffaec680000 - 0x00007ffaec861000 	C:\WINDOWS\SYSTEM32\ntdll.dll
0x00007ffaeb440000 - 0x00007ffaeb4f2000 	C:\WINDOWS\System32\KERNEL32.DLL
0x00007ffae8dd0000 - 0x00007ffae9043000 	C:\WINDOWS\System32\KERNELBASE.dll
0x00007ffaeb940000 - 0x00007ffaeb9e1000 	C:\WINDOWS\System32\ADVAPI32.dll
0x00007ffaebcf0000 - 0x00007ffaebd8e000 	C:\WINDOWS\System32\msvcrt.dll
0x00007ffaeb500000 - 0x00007ffaeb55b000 	C:\WINDOWS\System32\sechost.dll
0x00007ffaebb50000 - 0x00007ffaebc74000 	C:\WINDOWS\System32\RPCRT4.dll
0x00007ffaec2f0000 - 0x00007ffaec480000 	C:\WINDOWS\System32\USER32.dll
0x00007ffae8c10000 - 0x00007ffae8c30000 	C:\WINDOWS\System32\win32u.dll
0x00007ffaeb6f0000 - 0x00007ffaeb718000 	C:\WINDOWS\System32\GDI32.dll
0x00007ffae8c30000 - 0x00007ffae8dc2000 	C:\WINDOWS\System32\gdi32full.dll
0x00007ffae9050000 - 0x00007ffae90ef000 	C:\WINDOWS\System32\msvcp_win.dll
0x00007ffae9220000 - 0x00007ffae9318000 	C:\WINDOWS\System32\ucrtbase.dll
0x00007ffad6280000 - 0x00007ffad64e9000 	C:\WINDOWS\WinSxS\amd64_microsoft.windows.common-controls_6595b64144ccf1df_6.0.17134.648_none_fb45a0e93062a6d2\COMCTL32.dll
0x00007ffae3910000 - 0x00007ffae391a000 	C:\WINDOWS\SYSTEM32\VERSION.dll
0x00007ffaeb110000 - 0x00007ffaeb432000 	C:\WINDOWS\System32\combase.dll
0x00007ffae91a0000 - 0x00007ffae921a000 	C:\WINDOWS\System32\bcryptPrimitives.dll
0x00007ffaeb560000 - 0x00007ffaeb58d000 	C:\WINDOWS\System32\IMM32.DLL
0x00007ffade170000 - 0x00007ffade25f000 	C:\Program Files\Java\jre-10.0.2\bin\msvcr120.dll
0x00007ffad03c0000 - 0x00007ffad0466000 	C:\Program Files\Java\jre-10.0.2\bin\msvcp120.dll
0x0000000055dc0000 - 0x0000000056830000 	C:\Program Files\Java\jre-10.0.2\bin\server\jvm.dll
0x00007ffaeb920000 - 0x00007ffaeb928000 	C:\WINDOWS\System32\PSAPI.DLL
0x00007ffadadf0000 - 0x00007ffadadf9000 	C:\WINDOWS\SYSTEM32\WSOCK32.dll
0x00007ffae6b40000 - 0x00007ffae6b63000 	C:\WINDOWS\SYSTEM32\WINMM.dll
0x00007ffaeb590000 - 0x00007ffaeb5fc000 	C:\WINDOWS\System32\WS2_32.dll
0x00007ffae6b00000 - 0x00007ffae6b2a000 	C:\WINDOWS\SYSTEM32\WINMMBASE.dll
0x00007ffae9320000 - 0x00007ffae9369000 	C:\WINDOWS\System32\cfgmgr32.dll
0x00007ffae1c20000 - 0x00007ffae1c2f000 	C:\Program Files\Java\jre-10.0.2\bin\verify.dll
0x00007ffad96b0000 - 0x00007ffad9879000 	C:\WINDOWS\SYSTEM32\DBGHELP.DLL
0x00007ffad8d30000 - 0x00007ffad8d59000 	C:\WINDOWS\SYSTEM32\dbgcore.DLL
0x00007ffade5d0000 - 0x00007ffade5f7000 	C:\Program Files\Java\jre-10.0.2\bin\java.dll
0x00007ffae0200000 - 0x00007ffae0216000 	C:\Program Files\Java\jre-10.0.2\bin\zip.dll
0x00007ffae0fb0000 - 0x00007ffae0fba000 	C:\Program Files\Java\jre-10.0.2\bin\jimage.dll
0x00007ffae9ae0000 - 0x00007ffaeaf20000 	C:\WINDOWS\System32\SHELL32.dll
0x00007ffaebd90000 - 0x00007ffaebe39000 	C:\WINDOWS\System32\shcore.dll
0x00007ffae9370000 - 0x00007ffae9a7d000 	C:\WINDOWS\System32\windows.storage.dll
0x00007ffaebe40000 - 0x00007ffaebe91000 	C:\WINDOWS\System32\shlwapi.dll
0x00007ffae8a00000 - 0x00007ffae8a11000 	C:\WINDOWS\System32\kernel.appcore.dll
0x00007ffae89b0000 - 0x00007ffae89cf000 	C:\WINDOWS\System32\profapi.dll
0x00007ffae8960000 - 0x00007ffae89ac000 	C:\WINDOWS\System32\powrprof.dll
0x00007ffae89d0000 - 0x00007ffae89da000 	C:\WINDOWS\System32\FLTLIB.DLL
0x0000014520cf0000 - 0x0000014520cf3000 	C:\Program Files\Java\jre-10.0.2\bin\api-ms-win-core-console-l1-1-0.dll
0x0000014522ad0000 - 0x0000014522ad3000 	C:\Program Files\Java\jre-10.0.2\bin\api-ms-win-core-datetime-l1-1-0.dll
0x0000014522ae0000 - 0x0000014522ae3000 	C:\Program Files\Java\jre-10.0.2\bin\api-ms-win-core-debug-l1-1-0.dll
0x0000014522af0000 - 0x0000014522af3000 	C:\Program Files\Java\jre-10.0.2\bin\api-ms-win-core-errorhandling-l1-1-0.dll
0x0000014522b00000 - 0x0000014522b04000 	C:\Program Files\Java\jre-10.0.2\bin\api-ms-win-core-file-l1-1-0.dll
0x0000014522b10000 - 0x0000014522b13000 	C:\Program Files\Java\jre-10.0.2\bin\api-ms-win-core-file-l1-2-0.dll
0x0000014541890000 - 0x0000014541893000 	C:\Program Files\Java\jre-10.0.2\bin\api-ms-win-core-file-l2-1-0.dll
0x00000145418a0000 - 0x00000145418a3000 	C:\Program Files\Java\jre-10.0.2\bin\api-ms-win-core-handle-l1-1-0.dll
0x00000145418b0000 - 0x00000145418b3000 	C:\Program Files\Java\jre-10.0.2\bin\api-ms-win-core-heap-l1-1-0.dll
0x00000145418c0000 - 0x00000145418c3000 	C:\Program Files\Java\jre-10.0.2\bin\api-ms-win-core-interlocked-l1-1-0.dll
0x00000145418d0000 - 0x00000145418d3000 	C:\Program Files\Java\jre-10.0.2\bin\api-ms-win-core-libraryloader-l1-1-0.dll
0x00000145418e0000 - 0x00000145418e3000 	C:\Program Files\Java\jre-10.0.2\bin\api-ms-win-core-localization-l1-2-0.dll
0x00000145418f0000 - 0x00000145418f3000 	C:\Program Files\Java\jre-10.0.2\bin\api-ms-win-core-memory-l1-1-0.dll
0x0000014541900000 - 0x0000014541903000 	C:\Program Files\Java\jre-10.0.2\bin\api-ms-win-core-namedpipe-l1-1-0.dll
0x0000014541910000 - 0x0000014541913000 	C:\Program Files\Java\jre-10.0.2\bin\api-ms-win-core-processenvironment-l1-1-0.dll
0x0000014541920000 - 0x0000014541923000 	C:\Program Files\Java\jre-10.0.2\bin\api-ms-win-core-processthreads-l1-1-0.dll
0x0000014541930000 - 0x0000014541933000 	C:\Program Files\Java\jre-10.0.2\bin\api-ms-win-core-processthreads-l1-1-1.dll
0x0000014541940000 - 0x0000014541943000 	C:\Program Files\Java\jre-10.0.2\bin\api-ms-win-core-profile-l1-1-0.dll
0x0000014541950000 - 0x0000014541953000 	C:\Program Files\Java\jre-10.0.2\bin\api-ms-win-core-rtlsupport-l1-1-0.dll
0x0000014541960000 - 0x0000014541963000 	C:\Program Files\Java\jre-10.0.2\bin\api-ms-win-core-string-l1-1-0.dll
0x0000014541970000 - 0x0000014541973000 	C:\Program Files\Java\jre-10.0.2\bin\api-ms-win-core-synch-l1-1-0.dll
0x0000014541980000 - 0x0000014541983000 	C:\Program Files\Java\jre-10.0.2\bin\api-ms-win-core-synch-l1-2-0.dll
0x0000014541990000 - 0x0000014541993000 	C:\Program Files\Java\jre-10.0.2\bin\api-ms-win-core-sysinfo-l1-1-0.dll
0x00000145419a0000 - 0x00000145419a3000 	C:\Program Files\Java\jre-10.0.2\bin\api-ms-win-core-timezone-l1-1-0.dll
0x00000145419b0000 - 0x00000145419b3000 	C:\Program Files\Java\jre-10.0.2\bin\api-ms-win-core-util-l1-1-0.dll
0x00000145419c0000 - 0x00000145419c3000 	C:\Program Files\Java\jre-10.0.2\bin\api-ms-win-crt-conio-l1-1-0.dll
0x00000145419d0000 - 0x00000145419d4000 	C:\Program Files\Java\jre-10.0.2\bin\api-ms-win-crt-convert-l1-1-0.dll
0x00000145419e0000 - 0x00000145419e3000 	C:\Program Files\Java\jre-10.0.2\bin\api-ms-win-crt-environment-l1-1-0.dll
0x00000145419f0000 - 0x00000145419f3000 	C:\Program Files\Java\jre-10.0.2\bin\api-ms-win-crt-filesystem-l1-1-0.dll
0x0000014541a00000 - 0x0000014541a03000 	C:\Program Files\Java\jre-10.0.2\bin\api-ms-win-crt-heap-l1-1-0.dll
0x0000014541a10000 - 0x0000014541a13000 	C:\Program Files\Java\jre-10.0.2\bin\api-ms-win-crt-locale-l1-1-0.dll
0x0000014541a20000 - 0x0000014541a25000 	C:\Program Files\Java\jre-10.0.2\bin\api-ms-win-crt-math-l1-1-0.dll
0x0000014541a30000 - 0x0000014541a35000 	C:\Program Files\Java\jre-10.0.2\bin\api-ms-win-crt-multibyte-l1-1-0.dll
0x0000014541a40000 - 0x0000014541a50000 	C:\Program Files\Java\jre-10.0.2\bin\api-ms-win-crt-private-l1-1-0.dll
0x0000014541a50000 - 0x0000014541a53000 	C:\Program Files\Java\jre-10.0.2\bin\api-ms-win-crt-process-l1-1-0.dll
0x0000014541a60000 - 0x0000014541a64000 	C:\Program Files\Java\jre-10.0.2\bin\api-ms-win-crt-runtime-l1-1-0.dll
0x0000014541a70000 - 0x0000014541a74000 	C:\Program Files\Java\jre-10.0.2\bin\api-ms-win-crt-stdio-l1-1-0.dll
0x0000014541a80000 - 0x0000014541a84000 	C:\Program Files\Java\jre-10.0.2\bin\api-ms-win-crt-string-l1-1-0.dll
0x0000014541a90000 - 0x0000014541a93000 	C:\Program Files\Java\jre-10.0.2\bin\api-ms-win-crt-time-l1-1-0.dll
0x0000014541aa0000 - 0x0000014541aa3000 	C:\Program Files\Java\jre-10.0.2\bin\api-ms-win-crt-utility-l1-1-0.dll
0x00007ffac0e90000 - 0x00007ffac0f86000 	C:\Program Files\Java\jre-10.0.2\bin\ucrtbase.dll
0x00007ffadedf0000 - 0x00007ffadee06000 	C:\Program Files\Java\jre-10.0.2\bin\vcruntime140.dll
0x00007ffacbaa0000 - 0x00007ffacbb3c000 	C:\Program Files\Java\jre-10.0.2\bin\msvcp140.dll
0x00007ffade110000 - 0x00007ffade161000 	C:\Program Files\Java\jre-10.0.2\bin\concrt140.dll
0x00007ffade0e0000 - 0x00007ffade103000 	C:\Program Files\Java\jre-10.0.2\bin\prism_d3d.dll
0x00007ffad6d50000 - 0x00007ffad6ee7000 	C:\WINDOWS\system32\d3d9.dll
0x00007ffae7030000 - 0x00007ffae7059000 	C:\WINDOWS\SYSTEM32\dwmapi.dll
0x00007ffae6f50000 - 0x00007ffae6fe8000 	C:\WINDOWS\system32\uxtheme.dll
0x00007ffae28e0000 - 0x00007ffae29ce000 	C:\WINDOWS\System32\DriverStore\FileRepository\nv_dispi.inf_amd64_4aa19ae78d94d8a3\nvldumdx.dll
0x00007ffae8a20000 - 0x00007ffae8c02000 	C:\WINDOWS\System32\crypt32.dll
0x00007ffae89e0000 - 0x00007ffae89f2000 	C:\WINDOWS\System32\MSASN1.dll
0x00007ffae9a80000 - 0x00007ffae9ad7000 	C:\WINDOWS\System32\WINTRUST.DLL
0x00007ffaeb6d0000 - 0x00007ffaeb6ed000 	C:\WINDOWS\System32\imagehlp.dll
0x00007ffae8330000 - 0x00007ffae8347000 	C:\WINDOWS\SYSTEM32\CRYPTSP.dll
0x00007ffae7d60000 - 0x00007ffae7d93000 	C:\WINDOWS\system32\rsaenh.dll
0x00007ffae84c0000 - 0x00007ffae84e5000 	C:\WINDOWS\SYSTEM32\bcrypt.dll
0x00007ffae8350000 - 0x00007ffae835b000 	C:\WINDOWS\SYSTEM32\CRYPTBASE.dll
0x00007ffaa3060000 - 0x00007ffaa449c000 	C:\WINDOWS\System32\DriverStore\FileRepository\nv_dispi.inf_amd64_4aa19ae78d94d8a3\nvd3dumx.dll
0x00007ffad0aa0000 - 0x00007ffad0aea000 	C:\Program Files\Java\jre-10.0.2\bin\glass.dll
0x00007ffaeaf20000 - 0x00007ffaeb00d000 	C:\WINDOWS\System32\COMDLG32.dll
0x00007ffaeb9f0000 - 0x00007ffaebb41000 	C:\WINDOWS\System32\ole32.dll
0x00007ffaeb600000 - 0x00007ffaeb6c3000 	C:\WINDOWS\System32\OLEAUT32.dll
0x00007ffaeb7a0000 - 0x00007ffaeb913000 	C:\WINDOWS\System32\MSCTF.dll
0x00007ffadd9b0000 - 0x00007ffadda74000 	C:\Program Files (x86)\NVIDIA Corporation\3D Vision\nvSCPAPI64.dll
0x00007ffaebea0000 - 0x00007ffaec2eb000 	C:\WINDOWS\System32\SETUPAPI.dll
0x00007ffae76a0000 - 0x00007ffae76c2000 	C:\WINDOWS\SYSTEM32\gpapi.dll
0x00007ffae2820000 - 0x00007ffae284e000 	C:\WINDOWS\SYSTEM32\cryptnet.dll
0x00007ffadecf0000 - 0x00007ffaded0a000 	C:\Program Files\Java\jre-10.0.2\bin\net.dll
0x00007ffae4110000 - 0x00007ffae41ed000 	C:\WINDOWS\SYSTEM32\WINHTTP.dll
0x00007ffae8180000 - 0x00007ffae81e6000 	C:\WINDOWS\system32\mswsock.dll
0x00007ffad8d90000 - 0x00007ffad8da1000 	C:\Program Files\Java\jre-10.0.2\bin\nio.dll
0x00007ffae7f40000 - 0x00007ffae7ffe000 	C:\WINDOWS\SYSTEM32\DNSAPI.dll
0x00007ffaeb930000 - 0x00007ffaeb938000 	C:\WINDOWS\System32\NSI.dll
0x00007ffae7f00000 - 0x00007ffae7f38000 	C:\WINDOWS\SYSTEM32\IPHLPAPI.DLL
0x00007ffaddd90000 - 0x00007ffaddd9a000 	C:\Windows\System32\rasadhlp.dll
0x00007ffaddfc0000 - 0x00007ffade032000 	C:\WINDOWS\System32\fwpuclnt.dll
0x00007ffad0750000 - 0x00007ffad0773000 	C:\Program Files\Java\jre-10.0.2\bin\sunec.dll
0x00007ffadecc0000 - 0x00007ffadeccb000 	C:\Program Files\Java\jre-10.0.2\bin\sunmscapi.dll
0x00007ffae8890000 - 0x00007ffae88b8000 	C:\WINDOWS\SYSTEM32\USERENV.dll
0x00007ffae2ec0000 - 0x00007ffae2ed6000 	C:\WINDOWS\SYSTEM32\dhcpcsvc6.DLL
0x00007ffae2e80000 - 0x00007ffae2e9a000 	C:\WINDOWS\SYSTEM32\dhcpcsvc.DLL
0x00007ffad65a0000 - 0x00007ffad65b4000 	C:\Program Files\Java\jre-10.0.2\bin\javafx_font.dll
0x00007ffabff90000 - 0x00007ffac012b000 	C:\Program Files\Java\jre-10.0.2\bin\awt.dll
0x00007ffae5cd0000 - 0x00007ffae6297000 	C:\WINDOWS\SYSTEM32\d2d1.dll
0x00007ffae6c50000 - 0x00007ffae6cdb000 	C:\WINDOWS\SYSTEM32\apphelp.dll
0x00007ffad0250000 - 0x00007ffad02b5000 	C:\Program Files\Java\jre-10.0.2\bin\fontmanager.dll

dbghelp: loaded successfully - version: 4.0.5 - missing functions: none
symbol engine: initialized successfully - sym options: 0x614 - pdb path: .;C:\Program Files\Java\jre-10.0.2\bin;C:\WINDOWS\SYSTEM32;C:\WINDOWS\WinSxS\amd64_microsoft.windows.common-controls_6595b64144ccf1df_6.0.17134.648_none_fb45a0e93062a6d2;C:\Program Files\Java\jre-10.0.2\bin\server;C:\WINDOWS\System32\DriverStore\FileRepository\nv_dispi.inf_amd64_4aa19ae78d94d8a3;C:\Program Files (x86)\NVIDIA Corporation\3D Vision;C:\Program Files\Common Files\Microsoft Shared\Ink

VM Arguments:
jvm_args: -Dfile.encoding=Cp1252 
java_command: GUI.Main
java_class_path (initial): C:\Users\ziper\git\OBS\OBS\bin;C:\Users\ziper\git\OBS\OBS\jfoenix-9.0.8.jar;C:\Users\ziper\git\OBS\OBS\selenium-server-standalone-3.141.59.jar
Launcher Type: SUN_STANDARD

Logging:
Log output configuration:
#0: stdout all=warning uptime,level,tags
#1: stderr all=off uptime,level,tags

Environment Variables:
PATH=C:/Program Files/Java/jre1.8.0_201/bin/server;C:/Program Files/Java/jre1.8.0_201/bin;C:/Program Files/Java/jre1.8.0_201/lib/amd64;C:\Program Files (x86)\Razer Chroma SDK\bin;C:\Program Files\Razer Chroma SDK\bin;C:\Program Files (x86)\Common Files\Oracle\Java\javapath;C:\WINDOWS\system32;C:\WINDOWS;C:\WINDOWS\System32\Wbem;C:\WINDOWS\System32\WindowsPowerShell\v1.0\;C:\Program Files\dotnet\;C:\Program Files\Microsoft SQL Server\130\Tools\Binn\;C:\WINDOWS\System32\OpenSSH\;C:\Program Files\Git\cmd;C:\WINDOWS\system32\config\systemprofile\AppData\Local\Microsoft\WindowsApps;;C:\Program Files (x86)\NVIDIA Corporation\PhysX\Common;C:\Program Files\PuTTY\;C:\Users\ziper\AppData\Local\Microsoft\WindowsApps;C:\Users\ziper\AppData\Local\GitHubDesktop\bin;C:\Users\ziper\AppData\Local\Programs\Microsoft VS Code\bin;D:\eclipse photon;
USERNAME=ziper
OS=Windows_NT
PROCESSOR_IDENTIFIER=Intel64 Family 6 Model 60 Stepping 3, GenuineIntel



---------------  S Y S T E M  ---------------

OS: Windows 10 , 64 bit Build 17134 (10.0.17134.648)

CPU:total 4 (initial active 4) (4 cores per cpu, 1 threads per core) family 6 model 60 stepping 3, cmov, cx8, fxsr, mmx, sse, sse2, sse3, ssse3, sse4.1, sse4.2, popcnt, avx, avx2, aes, clmul, erms, lzcnt, tsc, tscinvbit, bmi1, bmi2, fma

Memory: 4k page, physical 8315556k(479720k free), swap 22905256k(11132k free)

vm_info: Java HotSpot(TM) 64-Bit Server VM (10.0.2+13) for windows-amd64 JRE (10.0.2+13), built on Jun 28 2018 01:57:56 by "mach5one" with MS VC++ 12.0 (VS2013)

END.
